2023-11-13 10:31:47.270+0000 INFO  Logging config in use: Embedded default config 'default-user-logs.xml'
2023-11-13 10:31:47.275+0000 INFO  Starting...
2023-11-13 10:31:47.933+0000 INFO  This instance is ServerId{93e84804} (93e84804-92eb-4361-ad05-742dd98e8a48)
2023-11-13 10:31:48.483+0000 INFO  ======== Neo4j 5.12.0 ========
2023-11-13 10:31:50.032+0000 INFO  Bolt enabled on 0.0.0.0:7687.
2023-11-13 10:31:50.525+0000 INFO  HTTP enabled on 0.0.0.0:7474.
2023-11-13 10:31:50.526+0000 INFO  Remote interface available at http://localhost:7474/
2023-11-13 10:31:50.528+0000 INFO  id: 372062448A0A9D9D1417299112D4251E8C7D46282DB1ABA3AA9D2BC833D7A3EE
2023-11-13 10:31:50.528+0000 INFO  name: system
2023-11-13 10:31:50.528+0000 INFO  creationDate: 2023-11-13T10:31:48.947Z
2023-11-13 10:31:50.528+0000 INFO  Started.
2023-11-13 13:20:17.050+0000 INFO  Neo4j Server shutdown initiated by request
2023-11-13 13:20:17.050+0000 INFO  Stopping...
2023-11-13 13:20:22.167+0000 INFO  Stopped.
2023-11-13 13:20:51.397+0000 INFO  Logging config in use: Embedded default config 'default-user-logs.xml'
2023-11-13 13:20:51.402+0000 INFO  Starting...
2023-11-13 13:20:52.067+0000 INFO  This instance is ServerId{93e84804} (93e84804-92eb-4361-ad05-742dd98e8a48)
2023-11-13 13:20:52.604+0000 INFO  ======== Neo4j 5.12.0 ========
2023-11-13 13:20:55.603+0000 INFO  Bolt enabled on 0.0.0.0:7687.
2023-11-13 13:20:56.046+0000 INFO  HTTP enabled on 0.0.0.0:7474.
2023-11-13 13:20:56.047+0000 INFO  Remote interface available at http://localhost:7474/
2023-11-13 13:20:56.049+0000 INFO  id: 372062448A0A9D9D1417299112D4251E8C7D46282DB1ABA3AA9D2BC833D7A3EE
2023-11-13 13:20:56.049+0000 INFO  name: system
2023-11-13 13:20:56.049+0000 INFO  creationDate: 2023-11-13T10:31:48.947Z
2023-11-13 13:20:56.050+0000 INFO  Started.
2023-11-13 13:40:34.836+0000 INFO  Neo4j Server shutdown initiated by request
2023-11-13 13:40:34.837+0000 INFO  Stopping...
2023-11-13 13:40:39.988+0000 INFO  Stopped.
